SF:lib/enumerable.dart
DA:4,1
DA:7,0
DA:8,0
DA:10,1
DA:15,4
LF:5
LH:3
end_of_record
SF:lib/raw_representable.dart
DA:6,1
DA:7,2
DA:9,1
LF:3
LH:3
end_of_record
SF:lib/mappable.dart
DA:7,2
DA:9,1
DA:10,2
DA:11,0
DA:12,0
DA:13,1
DA:18,0
DA:19,0
DA:22,0
DA:23,0
LF:10
LH:4
end_of_record
SF:lib/mapper.dart
DA:5,9
DA:6,24
DA:13,1
DA:15,1
DA:17,1
DA:18,1
DA:21,1
DA:25,1
DA:30,1
DA:31,2
DA:32,1
DA:35,1
DA:37,1
DA:42,1
DA:44,1
DA:45,1
DA:46,1
DA:49,1
DA:50,1
DA:55,1
DA:57,2
DA:58,1
DA:62,1
DA:64,2
DA:65,1
DA:66,3
DA:67,2
DA:68,1
DA:70,1
DA:72,1
DA:73,1
DA:81,1
DA:83,3
DA:84,1
DA:86,3
DA:87,2
DA:88,1
DA:91,1
DA:95,1
DA:96,2
DA:100,1
DA:104,1
DA:108,1
DA:112,1
DA:113,1
DA:114,3
DA:115,2
DA:116,1
DA:118,2
DA:120,1
DA:121,2
DA:128,1
DA:129,1
DA:131,3
DA:132,2
DA:133,1
DA:136,2
DA:140,1
DA:141,2
DA:145,1
DA:146,3
DA:149,2
DA:153,1
DA:155,1
DA:160,1
DA:165,1
DA:170,1
DA:175,2
DA:187,1
DA:189,2
DA:194,1
DA:195,2
DA:196,2
LF:73
LH:73
end_of_record
SF:lib/transforms/date_transform.dart
DA:7,0
DA:13,2
DA:14,4
DA:17,2
DA:18,4
DA:24,2
DA:27,2
DA:31,3
DA:32,4
DA:33,2
DA:35,8
DA:41,2
DA:45,8
LF:13
LH:12
end_of_record
SF:lib/transforms/enum_transform.dart
DA:7,1
DA:8,1
DA:9,1
DA:12,1
DA:14,1
LF:5
LH:5
end_of_record
